<?xml version="1.0" encoding="UTF-8"?>
<!-- Generated by org.testng.reporters.JUnitXMLReporter -->
<testsuite hostname="BL084-Sathish" ignored="5" name="Logintest" tests="10" failures="0" timestamp="09 May 2023 06:26:26 GMT" time="131.028" errors="0">
  <testcase name="loginAsContractor" time="4.275" classname="test.beeforce.testcases.OfflineEmployeeCreation"/>
  <testcase name="selectModule" time="2.22" classname="test.beeforce.testcases.OfflineEmployeeCreation"/>
  <testcase name="offlineEmployeeupload" time="8.85" classname="test.beeforce.testcases.OfflineEmployeeCreation"/>
  <testcase name="fillEmployeeDetailsAutoLiv" time="41.244" classname="test.beeforce.testcases.OfflineEmployeeCreation"/>
  <testcase name="logoutAsContractor" time="1.214" classname="test.beeforce.testcases.OfflineEmployeeCreation"/>
  <testcase name="loginAsAdmin" time="2.44" classname="test.beeforce.testcases.OfflineEmployeeCreation"/>
  <testcase name="openEmployeeViewAndEditPage" time="5.575" classname="test.beeforce.testcases.OfflineEmployeeCreation"/>
  <testcase name="onboardedEmployeeStatus" time="12.39" classname="test.beeforce.testcases.OfflineEmployeeCreation"/>
  <testcase name="verifyEmployeeStatus" time="11.39" classname="test.beeforce.testcases.OfflineEmployeeCreation"/>
  <testcase name="verifyDetailsInEattendance" time="20.054" classname="test.beeforce.testcases.OfflineEmployeeCreation"/>
  <testcase name="ReOnboardEmployeeStatus" time="0.0" classname="test.beeforce.testcases.OfflineEmployeeCreation">
    <ignored/>
  </testcase> <!-- ReOnboardEmployeeStatus -->
  <testcase name="fillEmployeeDetailsJKC" time="0.0" classname="test.beeforce.testcases.OfflineEmployeeCreation">
    <ignored/>
  </testcase> <!-- fillEmployeeDetailsJKC -->
  <testcase name="verifyDetailsInCems" time="0.0" classname="test.beeforce.testcases.OfflineEmployeeCreation">
    <ignored/>
  </testcase> <!-- verifyDetailsInCems -->
  <testcase name="contractorActionInCEMS" time="0.0" classname="test.beeforce.testcases.OfflineEmployeeCreation">
    <ignored/>
  </testcase> <!-- contractorActionInCEMS -->
  <testcase name="fillEmployeeDetailsSterlite" time="0.0" classname="test.beeforce.testcases.OfflineEmployeeCreation">
    <ignored/>
  </testcase> <!-- fillEmployeeDetailsSterlite -->
</testsuite> <!-- Logintest -->
