<?xml version="1.0" encoding="UTF-8"?>
<!-- Generated by org.testng.reporters.JUnitXMLReporter -->
<testsuite hostname="BL084-Sathish" ignored="3" name="Logintest" tests="11" failures="2" timestamp="01 Mar 2023 13:02:08 GMT" time="133.447" errors="0">
  <testcase name="loginAsContractor" time="4.331" classname="test.beeforce.testcases.OfflineEmployeeCreation"/>
  <testcase name="selectModule" time="5.226" classname="test.beeforce.testcases.OfflineEmployeeCreation"/>
  <testcase name="offlineEmployeeupload" time="7.957" classname="test.beeforce.testcases.OfflineEmployeeCreation"/>
  <testcase name="fillEmployeeDetailsCorporate" time="37.524" classname="test.beeforce.testcases.OfflineEmployeeCreation"/>
  <testcase name="logoutAsContractor" time="3.591" classname="test.beeforce.testcases.OfflineEmployeeCreation"/>
  <testcase name="loginAsAdmin" time="1.22" classname="test.beeforce.testcases.OfflineEmployeeCreation"/>
  <testcase name="openEmployeeViewAndEditPage" time="10.823" classname="test.beeforce.testcases.OfflineEmployeeCreation"/>
  <testcase name="OnboardedEmployeeStatus" time="15.603" classname="test.beeforce.testcases.OfflineEmployeeCreation"/>
  <testcase name="verifyDetailsInCems" time="7.622" classname="test.beeforce.testcases.OfflineEmployeeCreation">
    <failure type="java.lang.AssertionError" message="The following asserts failed:
	expected [Manpower] but found [],
	expected [8866773344] but found [],
	expected [MBS] but found [123234345456],
	expected [NO] but found [],
	expected [Hindu] but found [],
	expected [123234345456] but found [],
	expected [56,vengadesapuram 4th Street] but found [500]">
      <![CDATA[java.lang.AssertionError: The following asserts failed:
expected [Manpower] but found [],
expected [8866773344] but found [],
expected [MBS] but found [123234345456],
expected [NO] but found [],
expected [Hindu] but found [],
expected [123234345456] but found [],
expected [56,vengadesapuram 4th Street] but found [500]
at test.beeforce.testcases.OfflineEmployeeCreation.verifyDetailsInCems(OfflineEmployeeCreation.java:422)
... Removed 26 stack frames]]>
    </failure>
  </testcase> <!-- verifyDetailsInCems -->
  <testcase name="verifyEmployeeStatus" time="9.453" classname="test.beeforce.testcases.OfflineEmployeeCreation"/>
  <testcase name="verifyDetailsInEattendance" time="19.594" classname="test.beeforce.testcases.OfflineEmployeeCreation">
    <failure type="java.lang.IndexOutOfBoundsException" message="Index: 0, Size: 0">
      <![CDATA[java.lang.IndexOutOfBoundsException: Index: 0, Size: 0
at java.util.ArrayList.rangeCheck(ArrayList.java:657)
at java.util.ArrayList.get(ArrayList.java:433)
at test.beeforce.testcases.OfflineEmployeeCreation.verifyDetailsInEattendance(OfflineEmployeeCreation.java:496)
... Removed 25 stack frames]]>
    </failure>
  </testcase> <!-- verifyDetailsInEattendance -->
  <testcase name="ReOnboardEmployeeStatus" time="0.0" classname="test.beeforce.testcases.OfflineEmployeeCreation">
    <ignored/>
  </testcase> <!-- ReOnboardEmployeeStatus -->
  <testcase name="fillEmployeeDetailsPlant" time="0.0" classname="test.beeforce.testcases.OfflineEmployeeCreation">
    <ignored/>
  </testcase> <!-- fillEmployeeDetailsPlant -->
  <testcase name="fillEmployeeDetailsRetail" time="0.0" classname="test.beeforce.testcases.OfflineEmployeeCreation">
    <ignored/>
  </testcase> <!-- fillEmployeeDetailsRetail -->
</testsuite> <!-- Logintest -->
