<?xml version="1.0" encoding="UTF-8"?>
<!-- Generated by org.testng.reporters.JUnitXMLReporter -->
<testsuite hostname="BL084-Sathish" ignored="0" name="Test" tests="3" failures="0" timestamp="24 Nov 2022 09:53:15 GMT" time="104.886" errors="0">
  <testcase name="loginAsVerifier" time="1.652" classname="test.attest360.testCases.Verification"/>
  <testcase name="caseSearch" time="10.06" classname="test.attest360.testCases.Verification"/>
  <testcase name="verifierapproval" time="83.097" classname="test.attest360.testCases.Verification"/>
</testsuite> <!-- Test -->
