<?xml version="1.0" encoding="UTF-8"?>
<!-- Generated by org.testng.reporters.JUnitXMLReporter -->
<testsuite hostname="BL084-Sathish" ignored="0" name="Test" tests="18" failures="0" timestamp="25 Nov 2022 09:00:57 GMT" time="193.951" errors="0">
  <testcase name="critirionDataEntryLogin" time="1.799" classname="test.attest360.testCases.DataEntry"/>
  <testcase name="select_customer" time="4.117" classname="test.attest360.testCases.DataEntry"/>
  <testcase name="enterBasicDetails" time="16.093" classname="test.attest360.testCases.DataEntry"/>
  <testcase name="fillDataAuthorization" time="4.214" classname="test.attest360.testCases.DataEntry"/>
  <testcase name="fillDataSetBasic" time="2.09" classname="test.attest360.testCases.DataEntry"/>
  <testcase name="fillDataSetEducation" time="9.896" classname="test.attest360.testCases.DataEntry"/>
  <testcase name="fillDataSetEmploymet" time="0.448" classname="test.attest360.testCases.DataEntry"/>
  <testcase name="fillDataSetAddress" time="4.849" classname="test.attest360.testCases.DataEntry"/>
  <testcase name="fillDataSetCriminalVerification" time="4.945" classname="test.attest360.testCases.DataEntry"/>
  <testcase name="fillDataIdentificationVerification" time="10.182" classname="test.attest360.testCases.DataEntry"/>
  <testcase name="logoutAsDataEntry" time="2.898" classname="test.attest360.testCases.DataEntry"/>
  <testcase name="critirionQaLogin" time="0.821" classname="test.attest360.testCases.DataEntry"/>
  <testcase name="runAutoDeligate" time="6.959" classname="test.attest360.testCases.DataEntry"/>
  <testcase name="loginAsVerifier" time="1.668" classname="test.attest360.testCases.Verification"/>
  <testcase name="caseSearch" time="11.929" classname="test.attest360.testCases.Verification"/>
  <testcase name="verifierapproval" time="57.319" classname="test.attest360.testCases.Verification"/>
  <testcase name="loginAsVerifier" time="2.564" classname="test.attest360.testCases.QADecision"/>
  <testcase name="DecisionTacking" time="30.131" classname="test.attest360.testCases.QADecision"/>
</testsuite> <!-- Test -->
