<?xml version="1.0" encoding="UTF-8"?>
<!-- Generated by org.testng.reporters.JUnitXMLReporter -->
<testsuite hostname="BL084-Sathish" ignored="11" name="Test" tests="18" failures="0" timestamp="03 Feb 2023 21:23:35 GMT" time="274.166" errors="0">
  <testcase name="critirionDataEntryLogin" time="2.715" classname="test.attest360.testCases.Fresher"/>
  <testcase name="select_customer" time="23.775" classname="test.attest360.testCases.Fresher"/>
  <testcase name="enterBasicDetails" time="9.446" classname="test.attest360.testCases.Fresher"/>
  <testcase name="fillDataAuthorization" time="10.367" classname="test.attest360.testCases.Fresher"/>
  <testcase name="fillDataSetBasic" time="6.534" classname="test.attest360.testCases.Fresher"/>
  <testcase name="fillDataSetEducation" time="8.89" classname="test.attest360.testCases.Fresher"/>
  <testcase name="fillDataSetAddress" time="13.789" classname="test.attest360.testCases.Fresher"/>
  <testcase name="fillDataSetIdentification" time="11.424" classname="test.attest360.testCases.Fresher"/>
  <testcase name="logoutAsDataEntry" time="2.881" classname="test.attest360.testCases.Fresher"/>
  <testcase name="critirionQaLogin" time="0.665" classname="test.attest360.testCases.Fresher"/>
  <testcase name="runAutoDeligate" time="12.284" classname="test.attest360.testCases.Fresher"/>
  <testcase name="logoutAsQA" time="1.337" classname="test.attest360.testCases.Fresher"/>
  <testcase name="critirinverifierLogin" time="0.615" classname="test.attest360.testCases.Fresher"/>
  <testcase name="verifierDecision" time="71.285" classname="test.attest360.testCases.Fresher"/>
  <testcase name="logoutAsVerifier" time="7.278" classname="test.attest360.testCases.Fresher"/>
  <testcase name="critirionQaVerifiLogin" time="0.818" classname="test.attest360.testCases.Fresher"/>
  <testcase name="rejectToVerifierfromQA" time="51.895" classname="test.attest360.testCases.Fresher"/>
  <testcase name="QADecision" time="30.976" classname="test.attest360.testCases.Fresher"/>
  <testcase name="stopBgvFlow6" time="0.0" classname="test.attest360.testCases.Fresher">
    <ignored/>
  </testcase> <!-- stopBgvFlow6 -->
  <testcase name="stopBgvFlow5" time="0.0" classname="test.attest360.testCases.Fresher">
    <ignored/>
  </testcase> <!-- stopBgvFlow5 -->
  <testcase name="rejectToDataEntryfromQA" time="0.0" classname="test.attest360.testCases.Fresher">
    <ignored/>
  </testcase> <!-- rejectToDataEntryfromQA -->
  <testcase name="InsufficientFlowSelf" time="0.0" classname="test.attest360.testCases.Fresher">
    <ignored/>
  </testcase> <!-- InsufficientFlowSelf -->
  <testcase name="notAppicableAndOnHoldFlow" time="0.0" classname="test.attest360.testCases.Fresher">
    <ignored/>
  </testcase> <!-- notAppicableAndOnHoldFlow -->
  <testcase name="stopBgvFlow4" time="0.0" classname="test.attest360.testCases.Fresher">
    <ignored/>
  </testcase> <!-- stopBgvFlow4 -->
  <testcase name="stopBgvFlow2" time="0.0" classname="test.attest360.testCases.Fresher">
    <ignored/>
  </testcase> <!-- stopBgvFlow2 -->
  <testcase name="verifiertoDataentryInsufficiency" time="0.0" classname="test.attest360.testCases.Fresher">
    <ignored/>
  </testcase> <!-- verifiertoDataentryInsufficiency -->
  <testcase name="verifiertoDataEntryRejection" time="0.0" classname="test.attest360.testCases.Fresher">
    <ignored/>
  </testcase> <!-- verifiertoDataEntryRejection -->
  <testcase name="stopBgvFlow3" time="0.0" classname="test.attest360.testCases.Fresher">
    <ignored/>
  </testcase> <!-- stopBgvFlow3 -->
  <testcase name="stopBgvFlow1" time="0.0" classname="test.attest360.testCases.Fresher">
    <ignored/>
  </testcase> <!-- stopBgvFlow1 -->
</testsuite> <!-- Test -->
