<?xml version="1.0" encoding="UTF-8"?>
<!-- Generated by org.testng.reporters.JUnitXMLReporter -->
<testsuite hostname="BL084-Sathish" ignored="20" name="Test" tests="9" failures="0" timestamp="03 Feb 2023 11:37:25 GMT" time="132.821" errors="0">
  <testcase name="critirionDataEntryLogin" time="2.63" classname="test.attest360.testCases.Fresher"/>
  <testcase name="select_customer" time="51.66" classname="test.attest360.testCases.Fresher"/>
  <testcase name="enterBasicDetails" time="8.6" classname="test.attest360.testCases.Fresher"/>
  <testcase name="fillDataAuthorization" time="10.781" classname="test.attest360.testCases.Fresher"/>
  <testcase name="fillDataSetBasic" time="3.804" classname="test.attest360.testCases.Fresher"/>
  <testcase name="fillDataSetEducation" time="8.101" classname="test.attest360.testCases.Fresher"/>
  <testcase name="fillDataSetAddress" time="12.6" classname="test.attest360.testCases.Fresher"/>
  <testcase name="fillDataSetIdentification" time="9.699" classname="test.attest360.testCases.Fresher"/>
  <testcase name="stopBgvFlow6" time="19.298" classname="test.attest360.testCases.Fresher"/>
  <testcase name="runAutoDeligate" time="0.0" classname="test.attest360.testCases.Fresher">
    <ignored/>
  </testcase> <!-- runAutoDeligate -->
  <testcase name="critirionQaLogin" time="0.0" classname="test.attest360.testCases.Fresher">
    <ignored/>
  </testcase> <!-- critirionQaLogin -->
  <testcase name="QADecision" time="0.0" classname="test.attest360.testCases.Fresher">
    <ignored/>
  </testcase> <!-- QADecision -->
  <testcase name="logoutAsDataEntry" time="0.0" classname="test.attest360.testCases.Fresher">
    <ignored/>
  </testcase> <!-- logoutAsDataEntry -->
  <testcase name="verifiertoDataentryInsufficiency" time="0.0" classname="test.attest360.testCases.Fresher">
    <ignored/>
  </testcase> <!-- verifiertoDataentryInsufficiency -->
  <testcase name="critirinverifierLogin" time="0.0" classname="test.attest360.testCases.Fresher">
    <ignored/>
  </testcase> <!-- critirinverifierLogin -->
  <testcase name="stopBgvFlow5" time="0.0" classname="test.attest360.testCases.Fresher">
    <ignored/>
  </testcase> <!-- stopBgvFlow5 -->
  <testcase name="rejectToDataEntryfromQA" time="0.0" classname="test.attest360.testCases.Fresher">
    <ignored/>
  </testcase> <!-- rejectToDataEntryfromQA -->
  <testcase name="logoutAsQA" time="0.0" classname="test.attest360.testCases.Fresher">
    <ignored/>
  </testcase> <!-- logoutAsQA -->
  <testcase name="InsufficientFlowSelf" time="0.0" classname="test.attest360.testCases.Fresher">
    <ignored/>
  </testcase> <!-- InsufficientFlowSelf -->
  <testcase name="rejectToVerifierfromQA" time="0.0" classname="test.attest360.testCases.Fresher">
    <ignored/>
  </testcase> <!-- rejectToVerifierfromQA -->
  <testcase name="notAppicableAndOnHoldFlow" time="0.0" classname="test.attest360.testCases.Fresher">
    <ignored/>
  </testcase> <!-- notAppicableAndOnHoldFlow -->
  <testcase name="stopBgvFlow4" time="0.0" classname="test.attest360.testCases.Fresher">
    <ignored/>
  </testcase> <!-- stopBgvFlow4 -->
  <testcase name="critirionQaVerifiLogin" time="0.0" classname="test.attest360.testCases.Fresher">
    <ignored/>
  </testcase> <!-- critirionQaVerifiLogin -->
  <testcase name="stopBgvFlow2" time="0.0" classname="test.attest360.testCases.Fresher">
    <ignored/>
  </testcase> <!-- stopBgvFlow2 -->
  <testcase name="verifiertoDataEntryRejection" time="0.0" classname="test.attest360.testCases.Fresher">
    <ignored/>
  </testcase> <!-- verifiertoDataEntryRejection -->
  <testcase name="stopBgvFlow3" time="0.0" classname="test.attest360.testCases.Fresher">
    <ignored/>
  </testcase> <!-- stopBgvFlow3 -->
  <testcase name="logoutAsVerifier" time="0.0" classname="test.attest360.testCases.Fresher">
    <ignored/>
  </testcase> <!-- logoutAsVerifier -->
  <testcase name="verifierDecision" time="0.0" classname="test.attest360.testCases.Fresher">
    <ignored/>
  </testcase> <!-- verifierDecision -->
  <testcase name="stopBgvFlow1" time="0.0" classname="test.attest360.testCases.Fresher">
    <ignored/>
  </testcase> <!-- stopBgvFlow1 -->
</testsuite> <!-- Test -->
