<?xml version="1.0" encoding="UTF-8"?>
<testng-results skipped="0" failed="2" ignored="3" total="14" passed="9">
  <reporter-output>
  </reporter-output>
  <suite name="Suite" duration-ms="133447" started-at="2023-03-01T12:59:55Z" finished-at="2023-03-01T13:02:08Z">
    <groups>
    </groups>
    <test name="Logintest" duration-ms="133447" started-at="2023-03-01T12:59:55Z" finished-at="2023-03-01T13:02:08Z">
      <class name="test.beeforce.testcases.OfflineEmployeeCreation">
        <test-method status="PASS" signature="browserSetup(java.lang.String)[pri:0, instance:test.beeforce.testcases.OfflineEmployeeCreation@41ee392b]" name="browserSetup" is-config="true" duration-ms="6672" started-at="2023-03-01T12:59:55Z" finished-at="2023-03-01T13:00:01Z">
          <params>
            <param index="0">
              <value>
                <![CDATA[chrome]]>
              </value>
            </param>
          </params>
          <reporter-output>
          </reporter-output>
        </test-method> <!-- browserSetup -->
        <test-method status="PASS" signature="loginAsContractor()[pri:1, instance:test.beeforce.testcases.OfflineEmployeeCreation@41ee392b]" name="loginAsContractor" duration-ms="4331" started-at="2023-03-01T13:00:01Z" finished-at="2023-03-01T13:00:06Z">
          <reporter-output>
          </reporter-output>
        </test-method> <!-- loginAsContractor -->
        <test-method status="PASS" signature="selectModule(java.lang.String)[pri:2, instance:test.beeforce.testcases.OfflineEmployeeCreation@41ee392b]" name="selectModule" duration-ms="5226" started-at="2023-03-01T13:00:06Z" finished-at="2023-03-01T13:00:11Z">
          <params>
            <param index="0">
              <value>
                <![CDATA[onboarding]]>
              </value>
            </param>
          </params>
          <reporter-output>
          </reporter-output>
        </test-method> <!-- selectModule -->
        <test-method status="PASS" signature="offlineEmployeeupload()[pri:3, instance:test.beeforce.testcases.OfflineEmployeeCreation@41ee392b]" name="offlineEmployeeupload" duration-ms="7957" started-at="2023-03-01T13:00:11Z" finished-at="2023-03-01T13:00:19Z">
          <reporter-output>
          </reporter-output>
        </test-method> <!-- offlineEmployeeupload -->
        <test-method status="PASS" signature="fillEmployeeDetailsCorporate(java.lang.String, java.lang.String, java.lang.String, java.lang.String, java.lang.String, java.lang.String, java.lang.String, java.lang.String, java.lang.String, java.lang.String, java.lang.String, java.lang.String, java.lang.String, java.lang.String, java.lang.String, java.lang.String, java.lang.String, java.lang.String, java.lang.String, java.lang.String, java.lang.String, java.lang.String, java.lang.String, java.lang.String, java.lang.String, java.lang.String, java.lang.String, java.lang.String, java.lang.String, java.lang.String, java.lang.String)[pri:4, instance:test.beeforce.testcases.OfflineEmployeeCreation@41ee392b]" name="fillEmployeeDetailsCorporate" duration-ms="37524" started-at="2023-03-01T13:00:21Z" data-provider="Corporate" depends-on-methods="test.beeforce.testcases.OfflineEmployeeCreation.offlineEmployeeupload" finished-at="2023-03-01T13:00:59Z">
          <params>
            <param index="0">
              <value>
                <![CDATA[O+Ve]]>
              </value>
            </param>
            <param index="1">
              <value>
                <![CDATA[Manpower]]>
              </value>
            </param>
            <param index="2">
              <value>
                <![CDATA[Corporate]]>
              </value>
            </param>
            <param index="3">
              <value>
                <![CDATA[Watch]]>
              </value>
            </param>
            <param index="4">
              <value>
                <![CDATA[Sikkim]]>
              </value>
            </param>
            <param index="5">
              <value>
                <![CDATA[1546]]>
              </value>
            </param>
            <param index="6">
              <value>
                <![CDATA[Human Resource]]>
              </value>
            </param>
            <param index="7">
              <value>
                <![CDATA[Manpower]]>
              </value>
            </param>
            <param index="8">
              <value>
                <![CDATA[Helper]]>
              </value>
            </param>
            <param index="9">
              <value>
                <![CDATA[Sabita]]>
              </value>
            </param>
            <param index="10">
              <value>
                <![CDATA[Not Applicable]]>
              </value>
            </param>
            <param index="11">
              <value>
                <![CDATA[Skilled]]>
              </value>
            </param>
            <param index="12">
              <value>
                <![CDATA[BE]]>
              </value>
            </param>
            <param index="13">
              <value>
                <![CDATA[2 years]]>
              </value>
            </param>
            <param index="14">
              <value>
                <![CDATA[8866773344]]>
              </value>
            </param>
            <param index="15">
              <value>
                <![CDATA[MBS]]>
              </value>
            </param>
            <param index="16">
              <value>
                <![CDATA[NO]]>
              </value>
            </param>
            <param index="17">
              <value>
                <![CDATA[Hindu]]>
              </value>
            </param>
            <param index="18">
              <value>
                <![CDATA[123234345456]]>
              </value>
            </param>
            <param index="19">
              <value>
                <![CDATA[15000]]>
              </value>
            </param>
            <param index="20">
              <value>
                <![CDATA[5000]]>
              </value>
            </param>
            <param index="21">
              <value>
                <![CDATA[2000]]>
              </value>
            </param>
            <param index="22">
              <value>
                <![CDATA[1200]]>
              </value>
            </param>
            <param index="23">
              <value>
                <![CDATA[0]]>
              </value>
            </param>
            <param index="24">
              <value>
                <![CDATA[0]]>
              </value>
            </param>
            <param index="25">
              <value>
                <![CDATA[500]]>
              </value>
            </param>
            <param index="26">
              <value>
                <![CDATA[500]]>
              </value>
            </param>
            <param index="27">
              <value>
                <![CDATA[500]]>
              </value>
            </param>
            <param index="28">
              <value>
                <![CDATA[500]]>
              </value>
            </param>
            <param index="29">
              <value>
                <![CDATA[320]]>
              </value>
            </param>
            <param index="30">
              <value>
                <![CDATA[56,vengadesapuram 4th Street]]>
              </value>
            </param>
          </params>
          <reporter-output>
          </reporter-output>
        </test-method> <!-- fillEmployeeDetailsCorporate -->
        <test-method status="PASS" signature="logoutAsContractor()[pri:5, instance:test.beeforce.testcases.OfflineEmployeeCreation@41ee392b]" name="logoutAsContractor" duration-ms="3591" started-at="2023-03-01T13:00:59Z" finished-at="2023-03-01T13:01:02Z">
          <reporter-output>
          </reporter-output>
        </test-method> <!-- logoutAsContractor -->
        <test-method status="PASS" signature="loginAsAdmin()[pri:6, instance:test.beeforce.testcases.OfflineEmployeeCreation@41ee392b]" name="loginAsAdmin" duration-ms="1220" started-at="2023-03-01T13:01:02Z" finished-at="2023-03-01T13:01:04Z">
          <reporter-output>
          </reporter-output>
        </test-method> <!-- loginAsAdmin -->
        <test-method status="PASS" signature="openEmployeeViewAndEditPage()[pri:7, instance:test.beeforce.testcases.OfflineEmployeeCreation@41ee392b]" name="openEmployeeViewAndEditPage" duration-ms="10823" started-at="2023-03-01T13:01:04Z" finished-at="2023-03-01T13:01:15Z">
          <reporter-output>
          </reporter-output>
        </test-method> <!-- openEmployeeViewAndEditPage -->
        <test-method status="PASS" signature="OnboardedEmployeeStatus(java.lang.String)[pri:8, instance:test.beeforce.testcases.OfflineEmployeeCreation@41ee392b]" name="OnboardedEmployeeStatus" duration-ms="15603" started-at="2023-03-01T13:01:15Z" finished-at="2023-03-01T13:01:30Z">
          <params>
            <param index="0">
              <value>
                <![CDATA[Approved]]>
              </value>
            </param>
          </params>
          <reporter-output>
          </reporter-output>
        </test-method> <!-- OnboardedEmployeeStatus -->
        <test-method status="FAIL" signature="verifyDetailsInCems()[pri:9, instance:test.beeforce.testcases.OfflineEmployeeCreation@41ee392b]" name="verifyDetailsInCems" duration-ms="7622" started-at="2023-03-01T13:01:30Z" finished-at="2023-03-01T13:01:38Z">
          <exception class="java.lang.AssertionError">
            <message>
              <![CDATA[The following asserts failed:
expected [Manpower] but found [],
expected [8866773344] but found [],
expected [MBS] but found [123234345456],
expected [NO] but found [],
expected [Hindu] but found [],
expected [123234345456] but found [],
expected [56,vengadesapuram 4th Street] but found [500]]]>
            </message>
            <full-stacktrace>
              <![CDATA[java.lang.AssertionError: The following asserts failed:
expected [Manpower] but found [],
expected [8866773344] but found [],
expected [MBS] but found [123234345456],
expected [NO] but found [],
expected [Hindu] but found [],
expected [123234345456] but found [],
expected [56,vengadesapuram 4th Street] but found [500]
at org.testng.asserts.SoftAssert.assertAll(SoftAssert.java:43)
at test.beeforce.testcases.OfflineEmployeeCreation.verifyDetailsInCems(OfflineEmployeeCreation.java:422)
at sun.reflect.NativeMethodAccessorImpl.invoke0(Native Method)
at sun.reflect.NativeMethodAccessorImpl.invoke(NativeMethodAccessorImpl.java:62)
at sun.reflect.DelegatingMethodAccessorImpl.invoke(DelegatingMethodAccessorImpl.java:43)
at java.lang.reflect.Method.invoke(Method.java:498)
at org.testng.internal.MethodInvocationHelper.invokeMethod(MethodInvocationHelper.java:124)
at org.testng.internal.Invoker.invokeMethod(Invoker.java:583)
at org.testng.internal.Invoker.invokeTestMethod(Invoker.java:719)
at org.testng.internal.Invoker.invokeTestMethods(Invoker.java:989)
at org.testng.internal.TestMethodWorker.invokeTestMethods(TestMethodWorker.java:125)
at org.testng.internal.TestMethodWorker.run(TestMethodWorker.java:109)
at org.testng.TestRunner.privateRun(TestRunner.java:648)
at org.testng.TestRunner.run(TestRunner.java:505)
at org.testng.SuiteRunner.runTest(SuiteRunner.java:455)
at org.testng.SuiteRunner.runSequentially(SuiteRunner.java:450)
at org.testng.SuiteRunner.privateRun(SuiteRunner.java:415)
at org.testng.SuiteRunner.run(SuiteRunner.java:364)
at org.testng.SuiteRunnerWorker.runSuite(SuiteRunnerWorker.java:52)
at org.testng.SuiteRunnerWorker.run(SuiteRunnerWorker.java:84)
at org.testng.TestNG.runSuitesSequentially(TestNG.java:1208)
at org.testng.TestNG.runSuitesLocally(TestNG.java:1137)
at org.testng.TestNG.runSuites(TestNG.java:1049)
at org.testng.TestNG.run(TestNG.java:1017)
at org.testng.remote.AbstractRemoteTestNG.run(AbstractRemoteTestNG.java:132)
at org.testng.remote.RemoteTestNG.initAndRun(RemoteTestNG.java:236)
at org.testng.remote.RemoteTestNG.main(RemoteTestNG.java:81)
]]>
            </full-stacktrace>
          </exception> <!-- java.lang.AssertionError -->
          <reporter-output>
          </reporter-output>
        </test-method> <!-- verifyDetailsInCems -->
        <test-method status="PASS" signature="verifyEmployeeStatus(java.lang.String)[pri:10, instance:test.beeforce.testcases.OfflineEmployeeCreation@41ee392b]" name="verifyEmployeeStatus" duration-ms="9453" started-at="2023-03-01T13:01:38Z" finished-at="2023-03-01T13:01:47Z">
          <params>
            <param index="0">
              <value>
                <![CDATA[Approved]]>
              </value>
            </param>
          </params>
          <reporter-output>
          </reporter-output>
        </test-method> <!-- verifyEmployeeStatus -->
        <test-method status="FAIL" signature="verifyDetailsInEattendance(java.lang.String)[pri:11, instance:test.beeforce.testcases.OfflineEmployeeCreation@41ee392b]" name="verifyDetailsInEattendance" duration-ms="19594" started-at="2023-03-01T13:01:47Z" finished-at="2023-03-01T13:02:07Z">
          <params>
            <param index="0">
              <value>
                <![CDATA[Approved]]>
              </value>
            </param>
          </params>
          <exception class="java.lang.IndexOutOfBoundsException">
            <message>
              <![CDATA[Index: 0, Size: 0]]>
            </message>
            <full-stacktrace>
              <![CDATA[java.lang.IndexOutOfBoundsException: Index: 0, Size: 0
at java.util.ArrayList.rangeCheck(ArrayList.java:657)
at java.util.ArrayList.get(ArrayList.java:433)
at test.beeforce.testcases.OfflineEmployeeCreation.verifyDetailsInEattendance(OfflineEmployeeCreation.java:496)
at sun.reflect.NativeMethodAccessorImpl.invoke0(Native Method)
at sun.reflect.NativeMethodAccessorImpl.invoke(NativeMethodAccessorImpl.java:62)
at sun.reflect.DelegatingMethodAccessorImpl.invoke(DelegatingMethodAccessorImpl.java:43)
at java.lang.reflect.Method.invoke(Method.java:498)
at org.testng.internal.MethodInvocationHelper.invokeMethod(MethodInvocationHelper.java:124)
at org.testng.internal.Invoker.invokeMethod(Invoker.java:583)
at org.testng.internal.Invoker.invokeTestMethod(Invoker.java:719)
at org.testng.internal.Invoker.invokeTestMethods(Invoker.java:989)
at org.testng.internal.TestMethodWorker.invokeTestMethods(TestMethodWorker.java:125)
at org.testng.internal.TestMethodWorker.run(TestMethodWorker.java:109)
at org.testng.TestRunner.privateRun(TestRunner.java:648)
at org.testng.TestRunner.run(TestRunner.java:505)
at org.testng.SuiteRunner.runTest(SuiteRunner.java:455)
at org.testng.SuiteRunner.runSequentially(SuiteRunner.java:450)
at org.testng.SuiteRunner.privateRun(SuiteRunner.java:415)
at org.testng.SuiteRunner.run(SuiteRunner.java:364)
at org.testng.SuiteRunnerWorker.runSuite(SuiteRunnerWorker.java:52)
at org.testng.SuiteRunnerWorker.run(SuiteRunnerWorker.java:84)
at org.testng.TestNG.runSuitesSequentially(TestNG.java:1208)
at org.testng.TestNG.runSuitesLocally(TestNG.java:1137)
at org.testng.TestNG.runSuites(TestNG.java:1049)
at org.testng.TestNG.run(TestNG.java:1017)
at org.testng.remote.AbstractRemoteTestNG.run(AbstractRemoteTestNG.java:132)
at org.testng.remote.RemoteTestNG.initAndRun(RemoteTestNG.java:236)
at org.testng.remote.RemoteTestNG.main(RemoteTestNG.java:81)
]]>
            </full-stacktrace>
          </exception> <!-- java.lang.IndexOutOfBoundsException -->
          <reporter-output>
          </reporter-output>
        </test-method> <!-- verifyDetailsInEattendance -->
        <test-method status="PASS" signature="teardown()[pri:0, instance:test.beeforce.testcases.OfflineEmployeeCreation@41ee392b]" name="teardown" is-config="true" duration-ms="913" started-at="2023-03-01T13:02:07Z" finished-at="2023-03-01T13:02:08Z">
          <reporter-output>
          </reporter-output>
        </test-method> <!-- teardown -->
      </class> <!-- test.beeforce.testcases.OfflineEmployeeCreation -->
    </test> <!-- Logintest -->
  </suite> <!-- Suite -->
</testng-results>
