<?xml version="1.0" encoding="UTF-8"?>
<testng-results skipped="0" failed="1" ignored="5" total="15" passed="9">
  <reporter-output>
  </reporter-output>
  <suite name="Suite" duration-ms="161260" started-at="2023-03-26T07:46:26Z" finished-at="2023-03-26T07:49:07Z">
    <groups>
    </groups>
    <test name="Logintest" duration-ms="161260" started-at="2023-03-26T07:46:26Z" finished-at="2023-03-26T07:49:07Z">
      <class name="test.beeforce.testcases.OfflineEmployeeCreation">
        <test-method status="PASS" signature="browserSetup(java.lang.String)[pri:0, instance:test.beeforce.testcases.OfflineEmployeeCreation@161b062a]" name="browserSetup" is-config="true" duration-ms="6935" started-at="2023-03-26T07:46:26Z" finished-at="2023-03-26T07:46:33Z">
          <params>
            <param index="0">
              <value>
                <![CDATA[chrome]]>
              </value>
            </param>
          </params>
          <reporter-output>
          </reporter-output>
        </test-method> <!-- browserSetup -->
        <test-method status="PASS" signature="loginAsContractor(java.lang.String)[pri:1, instance:test.beeforce.testcases.OfflineEmployeeCreation@161b062a]" name="loginAsContractor" duration-ms="2248" started-at="2023-03-26T07:46:33Z" finished-at="2023-03-26T07:46:35Z">
          <params>
            <param index="0">
              <value>
                <![CDATA[jkc]]>
              </value>
            </param>
          </params>
          <reporter-output>
          </reporter-output>
        </test-method> <!-- loginAsContractor -->
        <test-method status="PASS" signature="selectModule(java.lang.String, java.lang.String)[pri:2, instance:test.beeforce.testcases.OfflineEmployeeCreation@161b062a]" name="selectModule" duration-ms="6733" started-at="2023-03-26T07:46:35Z" finished-at="2023-03-26T07:46:42Z">
          <params>
            <param index="0">
              <value>
                <![CDATA[onboarding]]>
              </value>
            </param>
            <param index="1">
              <value>
                <![CDATA[jkc]]>
              </value>
            </param>
          </params>
          <reporter-output>
          </reporter-output>
        </test-method> <!-- selectModule -->
        <test-method status="PASS" signature="offlineEmployeeupload(java.lang.String)[pri:3, instance:test.beeforce.testcases.OfflineEmployeeCreation@161b062a]" name="offlineEmployeeupload" duration-ms="7268" started-at="2023-03-26T07:46:42Z" finished-at="2023-03-26T07:46:49Z">
          <params>
            <param index="0">
              <value>
                <![CDATA[jkc]]>
              </value>
            </param>
          </params>
          <reporter-output>
          </reporter-output>
        </test-method> <!-- offlineEmployeeupload -->
        <test-method status="PASS" signature="fillEmployeeDetailsJKC(java.lang.String, java.lang.String, java.lang.String, java.lang.String, java.lang.String, java.lang.String, java.lang.String, java.lang.String, java.lang.String, java.lang.String, java.lang.String, java.lang.String, java.lang.String, java.lang.String, java.lang.String, java.lang.String, java.lang.String, java.lang.String, java.lang.String, java.lang.String, java.lang.String, java.lang.String, java.lang.String, java.lang.String, java.lang.String, java.lang.String, java.lang.String, java.lang.String, java.lang.String, java.lang.String, java.lang.String)[pri:4, instance:test.beeforce.testcases.OfflineEmployeeCreation@161b062a]" name="fillEmployeeDetailsJKC" duration-ms="45197" started-at="2023-03-26T07:46:51Z" data-provider="jkc" depends-on-methods="test.beeforce.testcases.OfflineEmployeeCreation.offlineEmployeeupload" finished-at="2023-03-26T07:47:36Z">
          <params>
            <param index="0">
              <value>
                <![CDATA[JK Cement Limited]]>
              </value>
            </param>
            <param index="1">
              <value>
                <![CDATA[Grey Cement]]>
              </value>
            </param>
            <param index="2">
              <value>
                <![CDATA[Manufacturing]]>
              </value>
            </param>
            <param index="3">
              <value>
                <![CDATA[JK Cements Works - Nimbhara]]>
              </value>
            </param>
            <param index="4">
              <value>
                <![CDATA[TECHNICAL]]>
              </value>
            </param>
            <param index="5">
              <value>
                <![CDATA[PACKING PLANT]]>
              </value>
            </param>
            <param index="6">
              <value>
                <![CDATA[PACKING PLANT]]>
              </value>
            </param>
            <param index="7">
              <value>
                <![CDATA[Nimbhara]]>
              </value>
            </param>
            <param index="8">
              <value>
                <![CDATA[A TO Z ENGINEERING SERVICES]]>
              </value>
            </param>
            <param index="9">
              <value>
                <![CDATA[Pankaj Trivedi-2101214]]>
              </value>
            </param>
            <param index="10">
              <value>
                <![CDATA[61480]]>
              </value>
            </param>
            <param index="11">
              <value>
                <![CDATA[Graduate]]>
              </value>
            </param>
            <param index="12">
              <value>
                <![CDATA[AC SUPERVISOR]]>
              </value>
            </param>
            <param index="13">
              <value>
                <![CDATA[Shift B]]>
              </value>
            </param>
            <param index="14">
              <value>
                <![CDATA[Plant]]>
              </value>
            </param>
            <param index="15">
              <value>
                <![CDATA[1590]]>
              </value>
            </param>
            <param index="16">
              <value>
                <![CDATA[UCO BANK]]>
              </value>
            </param>
            <param index="17">
              <value>
                <![CDATA[4640110084145]]>
              </value>
            </param>
            <param index="18">
              <value>
                <![CDATA[IFSC000]]>
              </value>
            </param>
            <param index="19">
              <value>
                <![CDATA[Daily]]>
              </value>
            </param>
            <param index="20">
              <value>
                <![CDATA[Monthly]]>
              </value>
            </param>
            <param index="21">
              <value>
                <![CDATA[Rupee]]>
              </value>
            </param>
            <param index="22">
              <value>
                <![CDATA[NAA]]>
              </value>
            </param>
            <param index="23">
              <value>
                <![CDATA[9876543210]]>
              </value>
            </param>
            <param index="24">
              <value>
                <![CDATA[VPO - Gotan]]>
              </value>
            </param>
            <param index="25">
              <value>
                <![CDATA[Gotan]]>
              </value>
            </param>
            <param index="26">
              <value>
                <![CDATA[Merta City]]>
              </value>
            </param>
            <param index="27">
              <value>
                <![CDATA[Nagaur]]>
              </value>
            </param>
            <param index="28">
              <value>
                <![CDATA[Rajasthan]]>
              </value>
            </param>
            <param index="29">
              <value>
                <![CDATA[India]]>
              </value>
            </param>
            <param index="30">
              <value>
                <![CDATA[342902]]>
              </value>
            </param>
          </params>
          <reporter-output>
          </reporter-output>
        </test-method> <!-- fillEmployeeDetailsJKC -->
        <test-method status="PASS" signature="logoutAsContractor()[pri:5, instance:test.beeforce.testcases.OfflineEmployeeCreation@161b062a]" name="logoutAsContractor" duration-ms="3710" started-at="2023-03-26T07:47:36Z" finished-at="2023-03-26T07:47:40Z">
          <reporter-output>
          </reporter-output>
        </test-method> <!-- logoutAsContractor -->
        <test-method status="PASS" signature="loginAsAdmin(java.lang.String)[pri:6, instance:test.beeforce.testcases.OfflineEmployeeCreation@161b062a]" name="loginAsAdmin" duration-ms="1699" started-at="2023-03-26T07:47:40Z" finished-at="2023-03-26T07:47:42Z">
          <params>
            <param index="0">
              <value>
                <![CDATA[jkc]]>
              </value>
            </param>
          </params>
          <reporter-output>
          </reporter-output>
        </test-method> <!-- loginAsAdmin -->
        <test-method status="PASS" signature="openEmployeeViewAndEditPage()[pri:7, instance:test.beeforce.testcases.OfflineEmployeeCreation@161b062a]" name="openEmployeeViewAndEditPage" duration-ms="17741" started-at="2023-03-26T07:47:42Z" finished-at="2023-03-26T07:48:00Z">
          <reporter-output>
          </reporter-output>
        </test-method> <!-- openEmployeeViewAndEditPage -->
        <test-method status="PASS" signature="OnboardedEmployeeStatus(java.lang.String)[pri:8, instance:test.beeforce.testcases.OfflineEmployeeCreation@161b062a]" name="OnboardedEmployeeStatus" duration-ms="18934" started-at="2023-03-26T07:48:00Z" finished-at="2023-03-26T07:48:19Z">
          <params>
            <param index="0">
              <value>
                <![CDATA[Approved]]>
              </value>
            </param>
          </params>
          <reporter-output>
          </reporter-output>
        </test-method> <!-- OnboardedEmployeeStatus -->
        <test-method status="PASS" signature="verifyEmployeeStatus(java.lang.String)[pri:10, instance:test.beeforce.testcases.OfflineEmployeeCreation@161b062a]" name="verifyEmployeeStatus" duration-ms="24641" started-at="2023-03-26T07:48:19Z" finished-at="2023-03-26T07:48:43Z">
          <params>
            <param index="0">
              <value>
                <![CDATA[Approved]]>
              </value>
            </param>
          </params>
          <reporter-output>
          </reporter-output>
        </test-method> <!-- verifyEmployeeStatus -->
        <test-method status="FAIL" signature="verifyDetailsInEattendance(java.lang.String, java.lang.String)[pri:11, instance:test.beeforce.testcases.OfflineEmployeeCreation@161b062a]" name="verifyDetailsInEattendance" duration-ms="22027" started-at="2023-03-26T07:48:43Z" finished-at="2023-03-26T07:49:05Z">
          <params>
            <param index="0">
              <value>
                <![CDATA[Approved]]>
              </value>
            </param>
            <param index="1">
              <value>
                <![CDATA[jkc]]>
              </value>
            </param>
          </params>
          <exception class="java.lang.IndexOutOfBoundsException">
            <message>
              <![CDATA[Index: 0, Size: 0]]>
            </message>
            <full-stacktrace>
              <![CDATA[java.lang.IndexOutOfBoundsException: Index: 0, Size: 0
at java.util.ArrayList.rangeCheck(ArrayList.java:657)
at java.util.ArrayList.get(ArrayList.java:433)
at test.beeforce.testcases.OfflineEmployeeCreation.verifyDetailsInEattendance(OfflineEmployeeCreation.java:539)
at sun.reflect.NativeMethodAccessorImpl.invoke0(Native Method)
at sun.reflect.NativeMethodAccessorImpl.invoke(NativeMethodAccessorImpl.java:62)
at sun.reflect.DelegatingMethodAccessorImpl.invoke(DelegatingMethodAccessorImpl.java:43)
at java.lang.reflect.Method.invoke(Method.java:498)
at org.testng.internal.MethodInvocationHelper.invokeMethod(MethodInvocationHelper.java:124)
at org.testng.internal.Invoker.invokeMethod(Invoker.java:583)
at org.testng.internal.Invoker.invokeTestMethod(Invoker.java:719)
at org.testng.internal.Invoker.invokeTestMethods(Invoker.java:989)
at org.testng.internal.TestMethodWorker.invokeTestMethods(TestMethodWorker.java:125)
at org.testng.internal.TestMethodWorker.run(TestMethodWorker.java:109)
at org.testng.TestRunner.privateRun(TestRunner.java:648)
at org.testng.TestRunner.run(TestRunner.java:505)
at org.testng.SuiteRunner.runTest(SuiteRunner.java:455)
at org.testng.SuiteRunner.runSequentially(SuiteRunner.java:450)
at org.testng.SuiteRunner.privateRun(SuiteRunner.java:415)
at org.testng.SuiteRunner.run(SuiteRunner.java:364)
at org.testng.SuiteRunnerWorker.runSuite(SuiteRunnerWorker.java:52)
at org.testng.SuiteRunnerWorker.run(SuiteRunnerWorker.java:84)
at org.testng.TestNG.runSuitesSequentially(TestNG.java:1208)
at org.testng.TestNG.runSuitesLocally(TestNG.java:1137)
at org.testng.TestNG.runSuites(TestNG.java:1049)
at org.testng.TestNG.run(TestNG.java:1017)
at org.testng.remote.AbstractRemoteTestNG.run(AbstractRemoteTestNG.java:132)
at org.testng.remote.RemoteTestNG.initAndRun(RemoteTestNG.java:236)
at org.testng.remote.RemoteTestNG.main(RemoteTestNG.java:81)
]]>
            </full-stacktrace>
          </exception> <!-- java.lang.IndexOutOfBoundsException -->
          <reporter-output>
          </reporter-output>
        </test-method> <!-- verifyDetailsInEattendance -->
        <test-method status="PASS" signature="teardown()[pri:0, instance:test.beeforce.testcases.OfflineEmployeeCreation@161b062a]" name="teardown" is-config="true" duration-ms="1554" started-at="2023-03-26T07:49:05Z" finished-at="2023-03-26T07:49:07Z">
          <reporter-output>
          </reporter-output>
        </test-method> <!-- teardown -->
      </class> <!-- test.beeforce.testcases.OfflineEmployeeCreation -->
    </test> <!-- Logintest -->
  </suite> <!-- Suite -->
</testng-results>
