<?xml version="1.0" encoding="UTF-8"?>
<testng-results ignored="0" total="1" passed="1" failed="0" skipped="0">
  <reporter-output>
  </reporter-output>
  <suite started-at="2023-03-30T07:55:10Z" name="Suite" finished-at="2023-03-30T07:55:15Z" duration-ms="4809">
    <groups>
    </groups>
    <test started-at="2023-03-30T07:55:10Z" name="Test" finished-at="2023-03-30T07:55:15Z" duration-ms="4809">
      <class name="test.beeforce.testcases.FlipkartEAttendanceVendorSpoc">
        <test-method is-config="true" signature="browserSetup(java.lang.String)[pri:0, instance:test.beeforce.testcases.FlipkartEAttendanceVendorSpoc@32c726ee]" started-at="2023-03-30T07:55:10Z" name="browserSetup" finished-at="2023-03-30T07:55:12Z" duration-ms="2002" status="PASS">
          <params>
            <param index="0">
              <value>
                <![CDATA[chrome]]>
              </value>
            </param>
          </params>
          <reporter-output>
          </reporter-output>
        </test-method> <!-- browserSetup -->
        <test-method signature="loginAsFTC()[pri:0, instance:test.beeforce.testcases.FlipkartEAttendanceVendorSpoc@32c726ee]" started-at="2023-03-30T07:55:12Z" name="loginAsFTC" finished-at="2023-03-30T07:55:15Z" duration-ms="2604" status="PASS">
          <reporter-output>
          </reporter-output>
        </test-method> <!-- loginAsFTC -->
        <test-method is-config="true" signature="teardown()[pri:0, instance:test.beeforce.testcases.FlipkartEAttendanceVendorSpoc@32c726ee]" started-at="2023-03-30T07:55:15Z" name="teardown" finished-at="2023-03-30T07:55:15Z" duration-ms="191" status="PASS">
          <reporter-output>
          </reporter-output>
        </test-method> <!-- teardown -->
      </class> <!-- test.beeforce.testcases.FlipkartEAttendanceVendorSpoc -->
    </test> <!-- Test -->
  </suite> <!-- Suite -->
</testng-results>
