<?xml version="1.0" encoding="UTF-8"?>
<testng-results skipped="0" failed="0" ignored="0" total="6" passed="6">
  <reporter-output>
  </reporter-output>
  <suite name="Suite" duration-ms="74484" started-at="2023-04-12T13:19:44Z" finished-at="2023-04-12T13:20:59Z">
    <groups>
    </groups>
    <test name="Test" duration-ms="74484" started-at="2023-04-12T13:19:44Z" finished-at="2023-04-12T13:20:59Z">
      <class name="test.beeforce.testcases.EmployeeCreationThroughBudgetingAndSourcing">
        <test-method status="PASS" signature="browserSetup(java.lang.String)[pri:0, instance:test.beeforce.testcases.EmployeeCreationThroughBudgetingAndSourcing@1efed156]" name="browserSetup" is-config="true" duration-ms="7053" started-at="2023-04-12T13:19:44Z" finished-at="2023-04-12T13:19:51Z">
          <params>
            <param index="0">
              <value>
                <![CDATA[chrome]]>
              </value>
            </param>
          </params>
          <reporter-output>
          </reporter-output>
        </test-method> <!-- browserSetup -->
        <test-method status="PASS" signature="LoginAsBudgetCreater()[pri:1, instance:test.beeforce.testcases.EmployeeCreationThroughBudgetingAndSourcing@1efed156]" name="LoginAsBudgetCreater" duration-ms="7846" started-at="2023-04-12T13:19:51Z" finished-at="2023-04-12T13:19:59Z">
          <reporter-output>
          </reporter-output>
        </test-method> <!-- LoginAsBudgetCreater -->
        <test-method status="PASS" signature="createAndApproveBudget(java.lang.String, java.lang.String, java.lang.String, java.lang.String, java.lang.String, java.lang.String, java.lang.String, java.lang.String, java.lang.String, java.lang.String)[pri:2, instance:test.beeforce.testcases.EmployeeCreationThroughBudgetingAndSourcing@1efed156]" name="createAndApproveBudget" duration-ms="9787" started-at="2023-04-12T13:20:01Z" data-provider="StlBudget" finished-at="2023-04-12T13:20:10Z">
          <params>
            <param index="0">
              <value>
                <![CDATA[Access Solutions]]>
              </value>
            </param>
            <param index="1">
              <value>
                <![CDATA[Access Solutions]]>
              </value>
            </param>
            <param index="2">
              <value>
                <![CDATA[Bangalore]]>
              </value>
            </param>
            <param index="3">
              <value>
                <![CDATA[June-2023]]>
              </value>
            </param>
            <param index="4">
              <value>
                <![CDATA[Vnf And Orchestration Pune]]>
              </value>
            </param>
            <param index="5">
              <value>
                <![CDATA[Contract]]>
              </value>
            </param>
            <param index="6">
              <value>
                <![CDATA[Testss]]>
              </value>
            </param>
            <param index="7">
              <value>
                <![CDATA[Test]]>
              </value>
            </param>
            <param index="8">
              <value>
                <![CDATA[54]]>
              </value>
            </param>
            <param index="9">
              <value>
                <![CDATA[1200000]]>
              </value>
            </param>
          </params>
          <reporter-output>
          </reporter-output>
        </test-method> <!-- createAndApproveBudget -->
        <test-method status="PASS" signature="ApproveBudget()[pri:3, instance:test.beeforce.testcases.EmployeeCreationThroughBudgetingAndSourcing@1efed156]" name="ApproveBudget" duration-ms="7436" started-at="2023-04-12T13:20:10Z" finished-at="2023-04-12T13:20:18Z">
          <reporter-output>
          </reporter-output>
        </test-method> <!-- ApproveBudget -->
        <test-method status="PASS" signature="createSourcingrequest(java.lang.String, java.lang.String, java.lang.String, java.lang.String, java.lang.String, java.lang.String, java.lang.String, java.lang.String, java.lang.String, java.lang.String)[pri:4, instance:test.beeforce.testcases.EmployeeCreationThroughBudgetingAndSourcing@1efed156]" name="createSourcingrequest" duration-ms="9654" started-at="2023-04-12T13:20:18Z" data-provider="StlSourcing" finished-at="2023-04-12T13:20:28Z">
          <params>
            <param index="0">
              <value>
                <![CDATA[Access Solutions]]>
              </value>
            </param>
            <param index="1">
              <value>
                <![CDATA[Access Solutions]]>
              </value>
            </param>
            <param index="2">
              <value>
                <![CDATA[June-2023]]>
              </value>
            </param>
            <param index="3">
              <value>
                <![CDATA[Bangalore]]>
              </value>
            </param>
            <param index="4">
              <value>
                <![CDATA[Vnf And Orchestration Pune]]>
              </value>
            </param>
            <param index="5">
              <value>
                <![CDATA[Contract]]>
              </value>
            </param>
            <param index="6">
              <value>
                <![CDATA[Skilled]]>
              </value>
            </param>
            <param index="7">
              <value>
                <![CDATA[Sterlite Technologies Limited]]>
              </value>
            </param>
            <param index="8">
              <value>
                <![CDATA[Test]]>
              </value>
            </param>
            <param index="9">
              <value>
                <![CDATA[40]]>
              </value>
            </param>
          </params>
          <reporter-output>
          </reporter-output>
        </test-method> <!-- createSourcingrequest -->
        <test-method status="PASS" signature="logoutAsAdminAndLoginAsContractor()[pri:5, instance:test.beeforce.testcases.EmployeeCreationThroughBudgetingAndSourcing@1efed156]" name="logoutAsAdminAndLoginAsContractor" duration-ms="11230" started-at="2023-04-12T13:20:28Z" finished-at="2023-04-12T13:20:39Z">
          <reporter-output>
          </reporter-output>
        </test-method> <!-- logoutAsAdminAndLoginAsContractor -->
        <test-method status="PASS" signature="uploadcandidatedetails(java.lang.String, java.lang.String, java.lang.String, java.lang.String)[pri:6, instance:test.beeforce.testcases.EmployeeCreationThroughBudgetingAndSourcing@1efed156]" name="uploadcandidatedetails" duration-ms="18459" started-at="2023-04-12T13:20:39Z" data-provider="STLBSCanidateUpload" finished-at="2023-04-12T13:20:58Z">
          <params>
            <param index="0">
              <value>
                <![CDATA[Access Solutions]]>
              </value>
            </param>
            <param index="1">
              <value>
                <![CDATA[Access Solutions]]>
              </value>
            </param>
            <param index="2">
              <value>
                <![CDATA[June-2023]]>
              </value>
            </param>
            <param index="3">
              <value>
                <![CDATA[15000]]>
              </value>
            </param>
          </params>
          <reporter-output>
          </reporter-output>
        </test-method> <!-- uploadcandidatedetails -->
        <test-method status="PASS" signature="teardown()[pri:0, instance:test.beeforce.testcases.EmployeeCreationThroughBudgetingAndSourcing@1efed156]" name="teardown" is-config="true" duration-ms="902" started-at="2023-04-12T13:20:58Z" finished-at="2023-04-12T13:20:59Z">
          <reporter-output>
          </reporter-output>
        </test-method> <!-- teardown -->
      </class> <!-- test.beeforce.testcases.EmployeeCreationThroughBudgetingAndSourcing -->
    </test> <!-- Test -->
  </suite> <!-- Suite -->
</testng-results>
