<?xml version="1.0" encoding="UTF-8"?>
<testng-results skipped="0" failed="1" ignored="5" total="15" passed="9">
  <reporter-output>
  </reporter-output>
  <suite name="Suite" duration-ms="128079" started-at="2023-03-07T06:52:51Z" finished-at="2023-03-07T06:54:59Z">
    <groups>
    </groups>
    <test name="Logintest" duration-ms="128079" started-at="2023-03-07T06:52:51Z" finished-at="2023-03-07T06:54:59Z">
      <class name="test.beeforce.testcases.OfflineEmployeeCreation">
        <test-method status="PASS" signature="browserSetup(java.lang.String)[pri:0, instance:test.beeforce.testcases.OfflineEmployeeCreation@2ea6137]" name="browserSetup" is-config="true" duration-ms="7267" started-at="2023-03-07T06:52:51Z" finished-at="2023-03-07T06:52:59Z">
          <params>
            <param index="0">
              <value>
                <![CDATA[chrome]]>
              </value>
            </param>
          </params>
          <reporter-output>
          </reporter-output>
        </test-method> <!-- browserSetup -->
        <test-method status="PASS" signature="loginAsContractor(java.lang.String)[pri:1, instance:test.beeforce.testcases.OfflineEmployeeCreation@2ea6137]" name="loginAsContractor" duration-ms="2198" started-at="2023-03-07T06:52:59Z" finished-at="2023-03-07T06:53:01Z">
          <params>
            <param index="0">
              <value>
                <![CDATA[jkc]]>
              </value>
            </param>
          </params>
          <reporter-output>
          </reporter-output>
        </test-method> <!-- loginAsContractor -->
        <test-method status="PASS" signature="selectModule(java.lang.String)[pri:2, instance:test.beeforce.testcases.OfflineEmployeeCreation@2ea6137]" name="selectModule" duration-ms="6494" started-at="2023-03-07T06:53:01Z" finished-at="2023-03-07T06:53:07Z">
          <params>
            <param index="0">
              <value>
                <![CDATA[onboarding]]>
              </value>
            </param>
          </params>
          <reporter-output>
          </reporter-output>
        </test-method> <!-- selectModule -->
        <test-method status="PASS" signature="offlineEmployeeupload(java.lang.String)[pri:3, instance:test.beeforce.testcases.OfflineEmployeeCreation@2ea6137]" name="offlineEmployeeupload" duration-ms="7903" started-at="2023-03-07T06:53:07Z" finished-at="2023-03-07T06:53:15Z">
          <params>
            <param index="0">
              <value>
                <![CDATA[jkc]]>
              </value>
            </param>
          </params>
          <reporter-output>
          </reporter-output>
        </test-method> <!-- offlineEmployeeupload -->
        <test-method status="PASS" signature="fillEmployeeDetailsJKC(java.lang.String, java.lang.String, java.lang.String, java.lang.String, java.lang.String, java.lang.String, java.lang.String, java.lang.String, java.lang.String, java.lang.String, java.lang.String, java.lang.String, java.lang.String, java.lang.String, java.lang.String, java.lang.String, java.lang.String, java.lang.String, java.lang.String, java.lang.String, java.lang.String, java.lang.String, java.lang.String, java.lang.String, java.lang.String, java.lang.String, java.lang.String, java.lang.String, java.lang.String, java.lang.String, java.lang.String)[pri:4, instance:test.beeforce.testcases.OfflineEmployeeCreation@2ea6137]" name="fillEmployeeDetailsJKC" duration-ms="42121" started-at="2023-03-07T06:53:18Z" data-provider="jkc" depends-on-methods="test.beeforce.testcases.OfflineEmployeeCreation.offlineEmployeeupload" finished-at="2023-03-07T06:54:00Z">
          <params>
            <param index="0">
              <value>
                <![CDATA[JK Cement Limited]]>
              </value>
            </param>
            <param index="1">
              <value>
                <![CDATA[Grey Cement]]>
              </value>
            </param>
            <param index="2">
              <value>
                <![CDATA[Manufacturing]]>
              </value>
            </param>
            <param index="3">
              <value>
                <![CDATA[JK Cements Works - Nimbhara]]>
              </value>
            </param>
            <param index="4">
              <value>
                <![CDATA[TECHNICAL]]>
              </value>
            </param>
            <param index="5">
              <value>
                <![CDATA[PACKING PLANT]]>
              </value>
            </param>
            <param index="6">
              <value>
                <![CDATA[PACKING PLANT]]>
              </value>
            </param>
            <param index="7">
              <value>
                <![CDATA[Nimbhara]]>
              </value>
            </param>
            <param index="8">
              <value>
                <![CDATA[A TO Z ENGINEERING SERVICES]]>
              </value>
            </param>
            <param index="9">
              <value>
                <![CDATA[Pankaj Trivedi-2101214]]>
              </value>
            </param>
            <param index="10">
              <value>
                <![CDATA[61480]]>
              </value>
            </param>
            <param index="11">
              <value>
                <![CDATA[Graduate]]>
              </value>
            </param>
            <param index="12">
              <value>
                <![CDATA[AC SUPERVISOR]]>
              </value>
            </param>
            <param index="13">
              <value>
                <![CDATA[Shift B]]>
              </value>
            </param>
            <param index="14">
              <value>
                <![CDATA[Plant]]>
              </value>
            </param>
            <param index="15">
              <value>
                <![CDATA[1590]]>
              </value>
            </param>
            <param index="16">
              <value>
                <![CDATA[UCO BANK]]>
              </value>
            </param>
            <param index="17">
              <value>
                <![CDATA[4640110084145]]>
              </value>
            </param>
            <param index="18">
              <value>
                <![CDATA[IFSC000]]>
              </value>
            </param>
            <param index="19">
              <value>
                <![CDATA[Daily]]>
              </value>
            </param>
            <param index="20">
              <value>
                <![CDATA[Monthly]]>
              </value>
            </param>
            <param index="21">
              <value>
                <![CDATA[Rupee]]>
              </value>
            </param>
            <param index="22">
              <value>
                <![CDATA[NAA]]>
              </value>
            </param>
            <param index="23">
              <value>
                <![CDATA[9876543210]]>
              </value>
            </param>
            <param index="24">
              <value>
                <![CDATA[VPO - Gotan]]>
              </value>
            </param>
            <param index="25">
              <value>
                <![CDATA[Gotan]]>
              </value>
            </param>
            <param index="26">
              <value>
                <![CDATA[Merta City]]>
              </value>
            </param>
            <param index="27">
              <value>
                <![CDATA[Nagaur]]>
              </value>
            </param>
            <param index="28">
              <value>
                <![CDATA[Rajasthan]]>
              </value>
            </param>
            <param index="29">
              <value>
                <![CDATA[India]]>
              </value>
            </param>
            <param index="30">
              <value>
                <![CDATA[342902]]>
              </value>
            </param>
          </params>
          <reporter-output>
          </reporter-output>
        </test-method> <!-- fillEmployeeDetailsJKC -->
        <test-method status="PASS" signature="logoutAsContractor()[pri:5, instance:test.beeforce.testcases.OfflineEmployeeCreation@2ea6137]" name="logoutAsContractor" duration-ms="2623" started-at="2023-03-07T06:54:00Z" finished-at="2023-03-07T06:54:03Z">
          <reporter-output>
          </reporter-output>
        </test-method> <!-- logoutAsContractor -->
        <test-method status="PASS" signature="loginAsAdmin(java.lang.String)[pri:6, instance:test.beeforce.testcases.OfflineEmployeeCreation@2ea6137]" name="loginAsAdmin" duration-ms="766" started-at="2023-03-07T06:54:03Z" finished-at="2023-03-07T06:54:03Z">
          <params>
            <param index="0">
              <value>
                <![CDATA[jkc]]>
              </value>
            </param>
          </params>
          <reporter-output>
          </reporter-output>
        </test-method> <!-- loginAsAdmin -->
        <test-method status="PASS" signature="openEmployeeViewAndEditPage()[pri:7, instance:test.beeforce.testcases.OfflineEmployeeCreation@2ea6137]" name="openEmployeeViewAndEditPage" duration-ms="11286" started-at="2023-03-07T06:54:03Z" finished-at="2023-03-07T06:54:15Z">
          <reporter-output>
          </reporter-output>
        </test-method> <!-- openEmployeeViewAndEditPage -->
        <test-method status="PASS" signature="OnboardedEmployeeStatus(java.lang.String)[pri:8, instance:test.beeforce.testcases.OfflineEmployeeCreation@2ea6137]" name="OnboardedEmployeeStatus" duration-ms="15912" started-at="2023-03-07T06:54:15Z" finished-at="2023-03-07T06:54:31Z">
          <params>
            <param index="0">
              <value>
                <![CDATA[Approved]]>
              </value>
            </param>
          </params>
          <reporter-output>
          </reporter-output>
        </test-method> <!-- OnboardedEmployeeStatus -->
        <test-method status="PASS" signature="verifyEmployeeStatus(java.lang.String)[pri:10, instance:test.beeforce.testcases.OfflineEmployeeCreation@2ea6137]" name="verifyEmployeeStatus" duration-ms="19811" started-at="2023-03-07T06:54:31Z" finished-at="2023-03-07T06:54:51Z">
          <params>
            <param index="0">
              <value>
                <![CDATA[Approved]]>
              </value>
            </param>
          </params>
          <reporter-output>
          </reporter-output>
        </test-method> <!-- verifyEmployeeStatus -->
        <test-method status="FAIL" signature="verifyDetailsInEattendance(java.lang.String, java.lang.String)[pri:11, instance:test.beeforce.testcases.OfflineEmployeeCreation@2ea6137]" name="verifyDetailsInEattendance" duration-ms="7815" started-at="2023-03-07T06:54:51Z" finished-at="2023-03-07T06:54:58Z">
          <params>
            <param index="0">
              <value>
                <![CDATA[Approved]]>
              </value>
            </param>
            <param index="1">
              <value>
                <![CDATA[jkc]]>
              </value>
            </param>
          </params>
          <exception class="org.openqa.selenium.NoSuchElementException">
            <message>
              <![CDATA[no such element: Unable to locate element: {"method":"xpath","selector":"//span[text()='Settings']"}
  (Session info: chrome=110.0.5481.178)
For documentation on this error, please visit: https://selenium.dev/exceptions/#no_such_element
Build info: version: '4.4.0', revision: 'e5c75ed026a'
System info: host: 'BL084-SATHISH', ip: '169.254.21.81', os.name: 'Windows 10', os.arch: 'amd64', os.version: '10.0', java.version: '1.8.0_231'
Driver info: org.openqa.selenium.chrome.ChromeDriver
Command: [1c04697eceaad7c3dd03f338a2e5a360, findElement {using=xpath, value=//span[text()='Settings']}]
Capabilities {acceptInsecureCerts: false, browserName: chrome, browserVersion: 110.0.5481.178, chrome: {chromedriverVersion: 110.0.5481.77 (65ed616c6e8e..., userDataDir: C:\Users\DURGAP~1\AppData\L...}, goog:chromeOptions: {debuggerAddress: localhost:64348}, networkConnectionEnabled: false, pageLoadStrategy: normal, platformName: WINDOWS, proxy: Proxy(), se:cdp: ws://localhost:64348/devtoo..., se:cdpVersion: 110.0.5481.178, setWindowRect: true, strictFileInteractability: false, timeouts: {implicit: 0, pageLoad: 300000, script: 30000}, unhandledPromptBehavior: dismiss and notify, webauthn:extension:credBlob: true, webauthn:extension:largeBlob: true, webauthn:virtualAuthenticators: true}
Session ID: 1c04697eceaad7c3dd03f338a2e5a360]]>
            </message>
            <full-stacktrace>
              <![CDATA[org.openqa.selenium.NoSuchElementException: no such element: Unable to locate element: {"method":"xpath","selector":"//span[text()='Settings']"}
  (Session info: chrome=110.0.5481.178)
For documentation on this error, please visit: https://selenium.dev/exceptions/#no_such_element
Build info: version: '4.4.0', revision: 'e5c75ed026a'
System info: host: 'BL084-SATHISH', ip: '169.254.21.81', os.name: 'Windows 10', os.arch: 'amd64', os.version: '10.0', java.version: '1.8.0_231'
Driver info: org.openqa.selenium.chrome.ChromeDriver
Command: [1c04697eceaad7c3dd03f338a2e5a360, findElement {using=xpath, value=//span[text()='Settings']}]
Capabilities {acceptInsecureCerts: false, browserName: chrome, browserVersion: 110.0.5481.178, chrome: {chromedriverVersion: 110.0.5481.77 (65ed616c6e8e..., userDataDir: C:\Users\DURGAP~1\AppData\L...}, goog:chromeOptions: {debuggerAddress: localhost:64348}, networkConnectionEnabled: false, pageLoadStrategy: normal, platformName: WINDOWS, proxy: Proxy(), se:cdp: ws://localhost:64348/devtoo..., se:cdpVersion: 110.0.5481.178, setWindowRect: true, strictFileInteractability: false, timeouts: {implicit: 0, pageLoad: 300000, script: 30000}, unhandledPromptBehavior: dismiss and notify, webauthn:extension:credBlob: true, webauthn:extension:largeBlob: true, webauthn:virtualAuthenticators: true}
Session ID: 1c04697eceaad7c3dd03f338a2e5a360
at sun.reflect.NativeConstructorAccessorImpl.newInstance0(Native Method)
at sun.reflect.NativeConstructorAccessorImpl.newInstance(NativeConstructorAccessorImpl.java:62)
at sun.reflect.DelegatingConstructorAccessorImpl.newInstance(DelegatingConstructorAccessorImpl.java:45)
at java.lang.reflect.Constructor.newInstance(Constructor.java:423)
at org.openqa.selenium.remote.codec.w3c.W3CHttpResponseCodec.createException(W3CHttpResponseCodec.java:200)
at org.openqa.selenium.remote.codec.w3c.W3CHttpResponseCodec.decode(W3CHttpResponseCodec.java:133)
at org.openqa.selenium.remote.codec.w3c.W3CHttpResponseCodec.decode(W3CHttpResponseCodec.java:53)
at org.openqa.selenium.remote.HttpCommandExecutor.execute(HttpCommandExecutor.java:184)
at org.openqa.selenium.remote.service.DriverCommandExecutor.invokeExecute(DriverCommandExecutor.java:167)
at org.openqa.selenium.remote.service.DriverCommandExecutor.execute(DriverCommandExecutor.java:142)
at org.openqa.selenium.remote.RemoteWebDriver.execute(RemoteWebDriver.java:547)
at org.openqa.selenium.remote.ElementLocation$ElementFinder$2.findElement(ElementLocation.java:162)
at org.openqa.selenium.remote.ElementLocation.findElement(ElementLocation.java:60)
at org.openqa.selenium.remote.RemoteWebDriver.findElement(RemoteWebDriver.java:365)
at org.openqa.selenium.remote.RemoteWebDriver.findElement(RemoteWebDriver.java:357)
at org.openqa.selenium.support.pagefactory.DefaultElementLocator.findElement(DefaultElementLocator.java:70)
at org.openqa.selenium.support.pagefactory.internal.LocatingElementHandler.invoke(LocatingElementHandler.java:39)
at com.sun.proxy.$Proxy15.click(Unknown Source)
at test.beeforce.eattendance.pageobjects.EattendanceHomePage.clickSettingDropdown(EattendanceHomePage.java:37)
at test.beeforce.testcases.OfflineEmployeeCreation.verifyDetailsInEattendance(OfflineEmployeeCreation.java:514)
at sun.reflect.NativeMethodAccessorImpl.invoke0(Native Method)
at sun.reflect.NativeMethodAccessorImpl.invoke(NativeMethodAccessorImpl.java:62)
at sun.reflect.DelegatingMethodAccessorImpl.invoke(DelegatingMethodAccessorImpl.java:43)
at java.lang.reflect.Method.invoke(Method.java:498)
at org.testng.internal.MethodInvocationHelper.invokeMethod(MethodInvocationHelper.java:124)
at org.testng.internal.Invoker.invokeMethod(Invoker.java:583)
at org.testng.internal.Invoker.invokeTestMethod(Invoker.java:719)
at org.testng.internal.Invoker.invokeTestMethods(Invoker.java:989)
at org.testng.internal.TestMethodWorker.invokeTestMethods(TestMethodWorker.java:125)
at org.testng.internal.TestMethodWorker.run(TestMethodWorker.java:109)
at org.testng.TestRunner.privateRun(TestRunner.java:648)
at org.testng.TestRunner.run(TestRunner.java:505)
at org.testng.SuiteRunner.runTest(SuiteRunner.java:455)
at org.testng.SuiteRunner.runSequentially(SuiteRunner.java:450)
at org.testng.SuiteRunner.privateRun(SuiteRunner.java:415)
at org.testng.SuiteRunner.run(SuiteRunner.java:364)
at org.testng.SuiteRunnerWorker.runSuite(SuiteRunnerWorker.java:52)
at org.testng.SuiteRunnerWorker.run(SuiteRunnerWorker.java:84)
at org.testng.TestNG.runSuitesSequentially(TestNG.java:1208)
at org.testng.TestNG.runSuitesLocally(TestNG.java:1137)
at org.testng.TestNG.runSuites(TestNG.java:1049)
at org.testng.TestNG.run(TestNG.java:1017)
at org.testng.remote.AbstractRemoteTestNG.run(AbstractRemoteTestNG.java:132)
at org.testng.remote.RemoteTestNG.initAndRun(RemoteTestNG.java:236)
at org.testng.remote.RemoteTestNG.main(RemoteTestNG.java:81)
]]>
            </full-stacktrace>
          </exception> <!-- org.openqa.selenium.NoSuchElementException -->
          <reporter-output>
          </reporter-output>
        </test-method> <!-- verifyDetailsInEattendance -->
        <test-method status="PASS" signature="teardown()[pri:0, instance:test.beeforce.testcases.OfflineEmployeeCreation@2ea6137]" name="teardown" is-config="true" duration-ms="836" started-at="2023-03-07T06:54:58Z" finished-at="2023-03-07T06:54:59Z">
          <reporter-output>
          </reporter-output>
        </test-method> <!-- teardown -->
      </class> <!-- test.beeforce.testcases.OfflineEmployeeCreation -->
    </test> <!-- Logintest -->
  </suite> <!-- Suite -->
</testng-results>
